<?xml version="1.0" encoding="UTF-8"?>
<!-- Generated by org.testng.reporters.JUnitReportReporter -->
<testsuite hostname="DESKTOP-1111E89" failures="0" tests="1" name="Automation.Demo8" time="0.258" errors="0" timestamp="2023-08-14T10:36:12 IST" skipped="0">
  <testcase classname="Automation.Demo8" name="test2" time="0.258"/>
  <system-out/>
</testsuite> <!-- Automation.Demo8 -->
