<?xml version="1.0" encoding="UTF-8"?>
<!-- Generated by org.testng.reporters.JUnitReportReporter -->
<testsuite hostname="DESKTOP-1111E89" failures="0" tests="1" name="Automation.Gmail" time="0.298" errors="0" timestamp="2023-08-21T12:27:23 IST" skipped="0">
  <testcase classname="Automation.Gmail" name="test2" time="0.298"/>
  <system-out/>
</testsuite> <!-- Automation.Gmail -->
