<?xml version="1.0" encoding="UTF-8"?>
<!-- Generated by org.testng.reporters.JUnitReportReporter -->
<testsuite hostname="DESKTOP-1111E89" failures="0" tests="1" name="Automation.Absoultexpath" time="0.918" errors="0" timestamp="2023-08-18T11:51:04 IST" skipped="0">
  <testcase classname="Automation.Absoultexpath" name="test1" time="0.918"/>
  <system-out/>
</testsuite> <!-- Automation.Absoultexpath -->
