<?xml version="1.0" encoding="UTF-8"?>
<!-- Generated by org.testng.reporters.JUnitReportReporter -->
<testsuite hostname="DESKTOP-1111E89" failures="0" tests="1" name="Automation.Task1" time="68.643" errors="0" timestamp="2023-08-23T14:22:56 IST" skipped="0">
  <testcase classname="Automation.Task1" name="test1" time="68.643"/>
  <system-out/>
</testsuite> <!-- Automation.Task1 -->
