<?xml version="1.0" encoding="UTF-8"?>
<!-- Generated by org.testng.reporters.JUnitReportReporter -->
<testsuite hostname="DESKTOP-1111E89" failures="0" tests="1" name="Automation.Demo7" time="10.206" errors="0" timestamp="2023-08-11T16:56:18 IST" skipped="0">
  <testcase classname="Automation.Demo7" name="test1" time="10.206"/>
  <system-out/>
</testsuite> <!-- Automation.Demo7 -->
