<?xml version="1.0" encoding="UTF-8"?>
<!-- Generated by org.testng.reporters.JUnitReportReporter -->
<testsuite hostname="DESKTOP-1111E89" failures="0" tests="3" name="Automation.Orangehrm" time="22.333" errors="0" timestamp="2023-08-23T14:13:35 IST" skipped="0">
  <testcase classname="Automation.Orangehrm" name="login" time="0.358"/>
  <system-out/>
  <testcase classname="Automation.Orangehrm" name="admin" time="17.926"/>
  <system-out/>
  <testcase classname="Automation.Orangehrm" name="logout" time="4.049"/>
  <system-out/>
</testsuite> <!-- Automation.Orangehrm -->
