<?xml version="1.0" encoding="UTF-8"?>
<!-- Generated by org.testng.reporters.JUnitReportReporter -->
<testsuite hostname="DESKTOP-1111E89" failures="0" tests="1" name="Automation.Frames" time="9.676" errors="0" timestamp="2023-08-17T12:28:52 IST" skipped="0">
  <testcase classname="Automation.Frames" name="test1" time="9.676"/>
  <system-out/>
</testsuite> <!-- Automation.Frames -->
