<?xml version="1.0" encoding="UTF-8"?>
<!-- Generated by org.testng.reporters.JUnitReportReporter -->
<testsuite hostname="DESKTOP-1111E89" failures="0" tests="1" name="Automation.Amazon" time="24.898" errors="0" timestamp="2023-08-24T12:05:05 IST" skipped="0">
  <testcase classname="Automation.Amazon" name="dropdown" time="24.898"/>
  <system-out/>
</testsuite> <!-- Automation.Amazon -->
