<?xml version="1.0" encoding="UTF-8"?>
<!-- Generated by org.testng.reporters.JUnitReportReporter -->
<testsuite hostname="DESKTOP-1111E89" failures="0" tests="2" name="Automation.MakeMyTrip" time="46.296" errors="0" timestamp="2023-08-24T12:51:01 IST" skipped="1">
  <testcase classname="Automation.MakeMyTrip" name="flights" time="46.296"/>
  <system-out/>
  <testcase classname="Automation.MakeMyTrip" name="popup">
    <skipped/>
  </testcase> <!-- popup -->
  <system-out/>
</testsuite> <!-- Automation.MakeMyTrip -->
