<?xml version="1.0" encoding="UTF-8"?>
<!-- Generated by org.testng.reporters.JUnitReportReporter -->
<testsuite hostname="DESKTOP-1111E89" failures="0" tests="2" name="Automation.Orangehrmdemo" time="16.803" errors="0" timestamp="2023-08-28T11:47:19 IST" skipped="0">
  <testcase classname="Automation.Orangehrmdemo" name="login" time="0.448"/>
  <system-out/>
  <testcase classname="Automation.Orangehrmdemo" name="admin" time="16.355"/>
  <system-out/>
</testsuite> <!-- Automation.Orangehrmdemo -->
