<?xml version="1.0" encoding="UTF-8"?>
<!-- Generated by org.testng.reporters.JUnitReportReporter -->
<testsuite hostname="DESKTOP-1111E89" failures="0" tests="1" name="Automation.Uploadanddownload" time="8.042" errors="0" timestamp="2023-08-16T15:52:53 IST" skipped="0">
  <testcase classname="Automation.Uploadanddownload" name="drag" time="8.042"/>
  <system-out/>
</testsuite> <!-- Automation.Uploadanddownload -->
