<?xml version="1.0" encoding="UTF-8"?>
<!-- Generated by org.testng.reporters.JUnitReportReporter -->
<testsuite hostname="DESKTOP-1111E89" failures="0" tests="1" name="Automation.Demo6" time="1.514" errors="0" timestamp="2023-08-24T11:13:28 IST" skipped="0">
  <testcase classname="Automation.Demo6" name="dropdown" time="1.514"/>
  <system-out/>
</testsuite> <!-- Automation.Demo6 -->
