<?xml version="1.0" encoding="UTF-8"?>
<!-- Generated by org.testng.reporters.JUnitReportReporter -->
<testsuite hostname="DESKTOP-1111E89" failures="0" tests="4" name="Automation.Groups" time="0.033" errors="0" timestamp="2023-08-21T11:16:09 IST" skipped="0">
  <testcase classname="Automation.Groups" name="test1" time="0.016"/>
  <system-out/>
  <testcase classname="Automation.Groups" name="test2" time="0.006"/>
  <system-out/>
  <testcase classname="Automation.Groups" name="test3" time="0.003"/>
  <system-out/>
  <testcase classname="Automation.Groups" name="test4" time="0.008"/>
  <system-out/>
</testsuite> <!-- Automation.Groups -->
