<?xml version="1.0" encoding="UTF-8"?>
<!-- Generated by org.testng.reporters.JUnitReportReporter -->
<testsuite hostname="DESKTOP-1111E89" failures="0" tests="1" name="Automation.Webtables" time="6.416" errors="0" timestamp="2023-08-15T17:10:18 IST" skipped="0">
  <testcase classname="Automation.Webtables" name="test1" time="6.416"/>
  <system-out/>
</testsuite> <!-- Automation.Webtables -->
