<?xml version="1.0" encoding="UTF-8"?>
<!-- Generated by org.testng.reporters.JUnitReportReporter -->
<testsuite hostname="DESKTOP-1111E89" failures="0" tests="1" name="Automation.Demo5" time="39.522" errors="0" timestamp="2023-08-16T16:02:40 IST" skipped="0">
  <testcase classname="Automation.Demo5" name="test8" time="39.522"/>
  <system-out/>
</testsuite> <!-- Automation.Demo5 -->
